[debug] [2022-01-18T01:52:32.053Z] ----------------------------------------------------------------------
[debug] [2022-01-18T01:52:32.057Z] Command:       C:\Program Files\nodejs\node.exe C:\Users\Dwaraka Poreddy\AppData\Roaming\npm\node_modules\firebase-tools\lib\bin\firebase.js functions:shell
[debug] [2022-01-18T01:52:32.058Z] CLI Version:   9.16.0
[debug] [2022-01-18T01:52:32.058Z] Platform:      win32
[debug] [2022-01-18T01:52:32.058Z] Node Version:  v12.18.3
[debug] [2022-01-18T01:52:32.062Z] Time:          Tue Jan 18 2022 07:22:32 GMT+0530 (India Standard Time)
[debug] [2022-01-18T01:52:32.062Z] ----------------------------------------------------------------------
[debug] 
[debug] [2022-01-18T01:52:32.068Z] >>> [apiv2][query] GET https://firebase-public.firebaseio.com/cli.json [none]
[debug] [2022-01-18T01:52:32.197Z] > command requires scopes: ["email","openid","https://www.googleapis.com/auth/cloudplatformprojects.readonly","https://www.googleapis.com/auth/firebase","https://www.googleapis.com/auth/cloud-platform"]
[debug] [2022-01-18T01:52:32.198Z] > authorizing via signed-in user (srinivask.bits@gmail.com)
[debug] [2022-01-18T01:52:32.198Z] [iam] checking project update-image for permissions ["firebase.projects.get"]
[debug] [2022-01-18T01:52:32.199Z] > refreshing access token with scopes: ["email","https://www.googleapis.com/auth/cloud-platform","https://www.googleapis.com/auth/cloudplatformprojects.readonly","https://www.googleapis.com/auth/firebase","openid"]
[debug] [2022-01-18T01:52:32.200Z] >>> HTTP REQUEST POST https://www.googleapis.com/oauth2/v3/token  
 <request body omitted>
[debug] [2022-01-18T01:52:32.576Z] <<< HTTP RESPONSE 400 {"cache-control":"no-cache, no-store, max-age=0, must-revalidate","expires":"Mon, 01 Jan 1990 00:00:00 GMT","pragma":"no-cache","date":"Tue, 18 Jan 2022 01:52:28 GMT","content-type":"application/json; charset=utf-8","vary":"X-Origin, Referer, Origin,Accept-Encoding","server":"scaffolding on HTTPServer2","x-xss-protection":"0","x-frame-options":"SAMEORIGIN","x-content-type-options":"nosniff","alt-svc":"h3=\":443\"; ma=2592000,h3-29=\":443\"; ma=2592000,h3-Q050=\":443\"; ma=2592000,h3-Q046=\":443\"; ma=2592000,h3-Q043=\":443\"; ma=2592000,quic=\":443\"; ma=2592000; v=\"46,43\"","accept-ranges":"none","transfer-encoding":"chunked"}
[debug] [2022-01-18T01:52:32.579Z] >>> HTTP REQUEST POST https://cloudresourcemanager.googleapis.com/v1/projects/update-image:testIamPermissions  
 {"permissions":["firebase.projects.get"]}
[debug] [2022-01-18T01:52:33.394Z] <<< [apiv2][status] GET https://firebase-public.firebaseio.com/cli.json 200
[debug] [2022-01-18T01:52:33.395Z] <<< [apiv2][body] GET https://firebase-public.firebaseio.com/cli.json {"cloudBuildErrorAfter":1594252800000,"cloudBuildWarnAfter":1590019200000,"defaultNode10After":1594252800000,"minVersion":"3.0.5","node8DeploysDisabledAfter":1613390400000,"node8RuntimeDisabledAfter":1615809600000,"node8WarnAfter":1600128000000}
[debug] [2022-01-18T01:52:34.408Z] <<< HTTP RESPONSE 401 {"www-authenticate":"Bearer realm=\"https://accounts.google.com/\", error=\"invalid_token\"","vary":"X-Origin, Referer, Origin,Accept-Encoding","content-type":"application/json; charset=UTF-8","date":"Tue, 18 Jan 2022 01:52:29 GMT","server":"ESF","cache-control":"private","x-xss-protection":"0","x-frame-options":"SAMEORIGIN","x-content-type-options":"nosniff","server-timing":"gfet4t7; dur=1277","alt-svc":"h3=\":443\"; ma=2592000,h3-29=\":443\"; ma=2592000,h3-Q050=\":443\"; ma=2592000,h3-Q046=\":443\"; ma=2592000,h3-Q043=\":443\"; ma=2592000,quic=\":443\"; ma=2592000; v=\"46,43\"","accept-ranges":"none","transfer-encoding":"chunked"}
[debug] [2022-01-18T01:52:34.408Z] <<< HTTP RESPONSE BODY {"error":{"code":401,"message":"Request had invalid authentication credentials. Expected OAuth 2 access token, login cookie or other valid authentication credential. See https://developers.google.com/identity/sign-in/web/devconsole-project.","status":"UNAUTHENTICATED"}}
[debug] [2022-01-18T01:52:34.411Z] [iam] error while checking permissions, command may fail: FirebaseError: HTTP Error: 401, Request had invalid authentication credentials. Expected OAuth 2 access token, login cookie or other valid authentication credential. See https://developers.google.com/identity/sign-in/web/devconsole-project.
[debug] [2022-01-18T01:52:36.506Z] [functions] Using node@12 from host.
[debug] [2022-01-18T01:52:36.512Z] defaultcredentials: writing to file C:\Users\Dwaraka Poreddy\AppData\Roaming\firebase\srinivask_bits_gmail.com_application_default_credentials.json
[debug] [2022-01-18T01:52:36.517Z] DEBUG: Setting GAC to C:\Users\Dwaraka Poreddy\AppData\Roaming\firebase\srinivask_bits_gmail.com_application_default_credentials.json
[debug] [2022-01-18T01:52:36.518Z] > refreshing access token with scopes: []
[debug] [2022-01-18T01:52:36.519Z] >>> HTTP REQUEST POST https://www.googleapis.com/oauth2/v3/token  
 <request body omitted>
[debug] [2022-01-18T01:52:36.794Z] <<< HTTP RESPONSE 400 {"cache-control":"no-cache, no-store, max-age=0, must-revalidate","expires":"Mon, 01 Jan 1990 00:00:00 GMT","pragma":"no-cache","date":"Tue, 18 Jan 2022 01:52:32 GMT","content-type":"application/json; charset=utf-8","vary":"X-Origin, Referer, Origin,Accept-Encoding","server":"scaffolding on HTTPServer2","x-xss-protection":"0","x-frame-options":"SAMEORIGIN","x-content-type-options":"nosniff","alt-svc":"h3=\":443\"; ma=2592000,h3-29=\":443\"; ma=2592000,h3-Q050=\":443\"; ma=2592000,h3-Q046=\":443\"; ma=2592000,h3-Q043=\":443\"; ma=2592000,quic=\":443\"; ma=2592000; v=\"46,43\"","accept-ranges":"none","transfer-encoding":"chunked"}
[debug] [2022-01-18T01:52:36.796Z] >>> [apiv2][query] GET https://firebase.googleapis.com/v1beta1/projects/update-image/adminSdkConfig [none]
[debug] [2022-01-18T01:52:37.111Z] <<< [apiv2][status] GET https://firebase.googleapis.com/v1beta1/projects/update-image/adminSdkConfig 401
[debug] [2022-01-18T01:52:37.111Z] <<< [apiv2][body] GET https://firebase.googleapis.com/v1beta1/projects/update-image/adminSdkConfig {"error":{"code":401,"message":"Request had invalid authentication credentials. Expected OAuth 2 access token, login cookie or other valid authentication credential. See https://developers.google.com/identity/sign-in/web/devconsole-project.","status":"UNAUTHENTICATED"}}
[debug] [2022-01-18T01:52:37.112Z] Failed to get Admin SDK config for update-image, falling back to cache Failed to get Admin SDK for Firebase project update-image. Please make sure the project exists and your account has permission to access it. {"name":"FirebaseError","children":[],"exit":2,"message":"Failed to get Admin SDK for Firebase project update-image. Please make sure the project exists and your account has permission to access it.","original":{"name":"FirebaseError","children":[],"context":{"body":{"error":{"code":401,"message":"Request had invalid authentication credentials. Expected OAuth 2 access token, login cookie or other valid authentication credential. See https://developers.google.com/identity/sign-in/web/devconsole-project.","status":"UNAUTHENTICATED"}},"response":{"statusCode":401}},"exit":1,"message":"HTTP Error: 401, Request had invalid authentication credentials. Expected OAuth 2 access token, login cookie or other valid authentication credential. See https://developers.google.com/identity/sign-in/web/devconsole-project.","status":401},"status":500}
[warn] !  functions: Unable to fetch project Admin SDK configuration, Admin SDK behavior in Cloud Functions emulator may be incorrect. {"metadata":{"emulator":{"name":"functions"},"message":"Unable to fetch project Admin SDK configuration, Admin SDK behavior in Cloud Functions emulator may be incorrect."}}
[debug] [2022-01-18T01:52:37.143Z] [functions] Watching "D:\Giftshub\functions" for Cloud Functions...
[debug] [2022-01-18T01:52:37.186Z] DEBUG: [worker-pool] addWorker(~diagnostic~)
[debug] [2022-01-18T01:52:37.187Z] DEBUG: [worker-pool] Adding worker with key ~diagnostic~, total=1
[debug] [2022-01-18T01:52:37.188Z] DEBUG: [worker-pool] submitWork(triggerId=)
[debug] [2022-01-18T01:52:37.189Z] DEBUG: [worker-~diagnostic~-65cac19a-5d6f-48a8-b028-1fff5bbb43f0]: Assigning socketPath: \\?\pipe\D:\Giftshub\functions\6016
[debug] [2022-01-18T01:52:37.190Z] DEBUG: [worker-~diagnostic~-65cac19a-5d6f-48a8-b028-1fff5bbb43f0]: BUSY
[debug] [2022-01-18T01:52:37.622Z] DEBUG: [runtime-status] [6016] Functions runtime initialized. {"cwd":"D:\\Giftshub\\functions","node_version":"12.18.3"}
[debug] [2022-01-18T01:52:37.623Z] DEBUG: [runtime-status] [6016] Disabled runtime features: undefined
[debug] [2022-01-18T01:52:37.629Z] DEBUG: [runtime-status] [6016] Resolved module firebase-admin {"declared":true,"installed":true,"version":"9.4.2","resolution":"D:\\Giftshub\\functions\\node_modules\\firebase-admin\\lib\\index.js"}
[debug] [2022-01-18T01:52:37.633Z] DEBUG: [runtime-status] [6016] Resolved module firebase-functions {"declared":true,"installed":true,"version":"3.13.1","resolution":"D:\\Giftshub\\functions\\node_modules\\firebase-functions\\lib\\index.js"}
[debug] [2022-01-18T01:52:37.634Z] DEBUG: [runtime-status] [6016] Resolved module firebase-functions {"declared":true,"installed":true,"version":"3.13.1","resolution":"D:\\Giftshub\\functions\\node_modules\\firebase-functions\\lib\\index.js"}
[debug] [2022-01-18T01:52:37.637Z] DEBUG: [runtime-status] [6016] Outgoing network have been stubbed. [{"name":"http","status":"mocked"},{"name":"http","status":"mocked"},{"name":"https","status":"mocked"},{"name":"https","status":"mocked"},{"name":"net","status":"mocked"}]
[debug] [2022-01-18T01:52:37.638Z] DEBUG: [runtime-status] [6016] Resolved module firebase-functions {"declared":true,"installed":true,"version":"3.13.1","resolution":"D:\\Giftshub\\functions\\node_modules\\firebase-functions\\lib\\index.js"}
[debug] [2022-01-18T01:52:37.720Z] DEBUG: [runtime-status] [6016] Checked functions.config() {"config":{}}
[debug] [2022-01-18T01:52:37.721Z] DEBUG: [runtime-status] [6016] firebase-functions has been stubbed. {"functionsResolution":{"declared":true,"installed":true,"version":"3.13.1","resolution":"D:\\Giftshub\\functions\\node_modules\\firebase-functions\\lib\\index.js"}}
[debug] [2022-01-18T01:52:37.722Z] DEBUG: [runtime-status] [6016] Resolved module firebase-functions {"declared":true,"installed":true,"version":"3.13.1","resolution":"D:\\Giftshub\\functions\\node_modules\\firebase-functions\\lib\\index.js"}
[debug] [2022-01-18T01:52:37.724Z] DEBUG: [runtime-status] [6016] Resolved module firebase-admin {"declared":true,"installed":true,"version":"9.4.2","resolution":"D:\\Giftshub\\functions\\node_modules\\firebase-admin\\lib\\index.js"}
[debug] [2022-01-18T01:52:37.726Z] DEBUG: [runtime-status] [6016] Resolved module firebase-functions {"declared":true,"installed":true,"version":"3.13.1","resolution":"D:\\Giftshub\\functions\\node_modules\\firebase-functions\\lib\\index.js"}
[debug] [2022-01-18T01:52:37.726Z] DEBUG: [runtime-status] [6016] firebase-admin has been stubbed. {"adminResolution":{"declared":true,"installed":true,"version":"9.4.2","resolution":"D:\\Giftshub\\functions\\node_modules\\firebase-admin\\lib\\index.js"}}
[debug] [2022-01-18T01:52:37.732Z] DEBUG: [runtime-status] [6016] initializeApp(DEFAULT) {"storageBucket":"update-image.appspot.com","databaseURL":"https://update-image.firebaseio.com","projectId":"update-image"}
[warn] !  functions: The Cloud Firestore emulator is not running, so calls to Firestore will affect production. {"metadata":{"emulator":{"name":"functions"},"message":"The Cloud Firestore emulator is not running, so calls to Firestore will affect production."}}
