[debug] [2021-01-17T07:50:23.135Z] ----------------------------------------------------------------------
[debug] [2021-01-17T07:50:23.137Z] Command:       C:\Program Files\nodejs\node.exe C:\Users\Dwaraka Poreddy\AppData\Roaming\npm\node_modules\firebase-tools\lib\bin\firebase.js init
[debug] [2021-01-17T07:50:23.137Z] CLI Version:   9.1.0
[debug] [2021-01-17T07:50:23.137Z] Platform:      win32
[debug] [2021-01-17T07:50:23.138Z] Node Version:  v12.18.3
[debug] [2021-01-17T07:50:23.139Z] Time:          Sun Jan 17 2021 13:20:23 GMT+0530 (India Standard Time)
[debug] [2021-01-17T07:50:23.139Z] ----------------------------------------------------------------------
[debug] [2021-01-17T07:50:23.139Z] 
[debug] [2021-01-17T07:50:23.145Z] > command requires scopes: ["email","openid","https://www.googleapis.com/auth/cloudplatformprojects.readonly","https://www.googleapis.com/auth/firebase","https://www.googleapis.com/auth/cloud-platform"]
[debug] [2021-01-17T07:50:23.146Z] > authorizing via signed-in user
[info] 
     ######## #### ########  ######## ########     ###     ######  ########
     ##        ##  ##     ## ##       ##     ##  ##   ##  ##       ##
     ######    ##  ########  ######   ########  #########  ######  ######
     ##        ##  ##    ##  ##       ##     ## ##     ##       ## ##
     ##       #### ##     ## ######## ########  ##     ##  ######  ########

You're about to initialize a Firebase project in this directory:

  C:\Users\Dwaraka Poreddy\Desktop\wallpapers\New folder\December_-_Giftshub-1

Before we get started, keep in mind:

  * You are initializing in an existing Firebase project directory

